<?xml version="1.0" encoding="UTF-8"?>
<!-- Generated by org.testng.reporters.JUnitReportReporter -->
<testsuite hostname="Dibyansh_Verma" failures="0" tests="2" name="DibyanshVerma.FrameworkECommerce.Standalonetest" time="20.455" errors="0" timestamp="2024-05-11T12:57:23 IST" skipped="0">
  <testcase classname="DibyanshVerma.FrameworkECommerce.Standalonetest" name="submitorder" time="10.643"/>
  <testcase classname="DibyanshVerma.FrameworkECommerce.Standalonetest" name="submitorder" time="9.812"/>
</testsuite> <!-- DibyanshVerma.FrameworkECommerce.Standalonetest -->
